INFO:root:Compressing computer_kuan_201632_18.jpg to C:\Users\10035\AppData\Local\Temp\tmpcpczbz01
DEBUG:PIL.Image:Importing BlpImagePlugin
DEBUG:PIL.Image:Importing BmpImagePlugin
DEBUG:PIL.Image:Importing BufrStubImagePlugin
DEBUG:PIL.Image:Importing CurImagePlugin
DEBUG:PIL.Image:Importing DcxImagePlugin
DEBUG:PIL.Image:Importing DdsImagePlugin
DEBUG:PIL.Image:Importing EpsImagePlugin
DEBUG:PIL.Image:Importing FitsImagePlugin
DEBUG:PIL.Image:Importing FitsStubImagePlugin
DEBUG:PIL.Image:Importing FliImagePlugin
DEBUG:PIL.Image:Importing FpxImagePlugin
DEBUG:PIL.Image:Image: failed to import FpxImagePlugin: No module named 'olefile'
DEBUG:PIL.Image:Importing FtexImagePlugin
DEBUG:PIL.Image:Importing GbrImagePlugin
DEBUG:PIL.Image:Importing GifImagePlugin
DEBUG:PIL.Image:Importing GribStubImagePlugin
DEBUG:PIL.Image:Importing Hdf5StubImagePlugin
DEBUG:PIL.Image:Importing IcnsImagePlugin
DEBUG:PIL.Image:Importing IcoImagePlugin
DEBUG:PIL.Image:Importing ImImagePlugin
DEBUG:PIL.Image:Importing ImtImagePlugin
DEBUG:PIL.Image:Importing IptcImagePlugin
DEBUG:PIL.Image:Importing JpegImagePlugin
DEBUG:PIL.Image:Importing Jpeg2KImagePlugin
DEBUG:PIL.Image:Importing McIdasImagePlugin
DEBUG:PIL.Image:Importing MicImagePlugin
DEBUG:PIL.Image:Image: failed to import MicImagePlugin: No module named 'olefile'
DEBUG:PIL.Image:Importing MpegImagePlugin
DEBUG:PIL.Image:Importing MpoImagePlugin
DEBUG:PIL.Image:Importing MspImagePlugin
DEBUG:PIL.Image:Importing PalmImagePlugin
DEBUG:PIL.Image:Importing PcdImagePlugin
DEBUG:PIL.Image:Importing PcxImagePlugin
DEBUG:PIL.Image:Importing PdfImagePlugin
DEBUG:PIL.Image:Importing PixarImagePlugin
DEBUG:PIL.Image:Importing PngImagePlugin
DEBUG:PIL.Image:Importing PpmImagePlugin
DEBUG:PIL.Image:Importing PsdImagePlugin
DEBUG:PIL.Image:Importing SgiImagePlugin
DEBUG:PIL.Image:Importing SpiderImagePlugin
DEBUG:PIL.Image:Importing SunImagePlugin
DEBUG:PIL.Image:Importing TgaImagePlugin
DEBUG:PIL.Image:Importing TiffImagePlugin
DEBUG:PIL.Image:Importing WebPImagePlugin
DEBUG:PIL.Image:Importing WmfImagePlugin
DEBUG:PIL.Image:Importing XbmImagePlugin
DEBUG:PIL.Image:Importing XpmImagePlugin
DEBUG:PIL.Image:Importing XVThumbImagePlugin
ERROR:root:unknown file extension: 
INFO:root:Compressing computer_kuan_201632_18.jpg to C:\Users\10035\AppData\Local\Temp\tmpmbpkaulo
DEBUG:PIL.Image:Importing BlpImagePlugin
DEBUG:PIL.Image:Importing BmpImagePlugin
DEBUG:PIL.Image:Importing BufrStubImagePlugin
DEBUG:PIL.Image:Importing CurImagePlugin
DEBUG:PIL.Image:Importing DcxImagePlugin
DEBUG:PIL.Image:Importing DdsImagePlugin
DEBUG:PIL.Image:Importing EpsImagePlugin
DEBUG:PIL.Image:Importing FitsImagePlugin
DEBUG:PIL.Image:Importing FitsStubImagePlugin
DEBUG:PIL.Image:Importing FliImagePlugin
DEBUG:PIL.Image:Importing FpxImagePlugin
DEBUG:PIL.Image:Image: failed to import FpxImagePlugin: No module named 'olefile'
DEBUG:PIL.Image:Importing FtexImagePlugin
DEBUG:PIL.Image:Importing GbrImagePlugin
DEBUG:PIL.Image:Importing GifImagePlugin
DEBUG:PIL.Image:Importing GribStubImagePlugin
DEBUG:PIL.Image:Importing Hdf5StubImagePlugin
DEBUG:PIL.Image:Importing IcnsImagePlugin
DEBUG:PIL.Image:Importing IcoImagePlugin
DEBUG:PIL.Image:Importing ImImagePlugin
DEBUG:PIL.Image:Importing ImtImagePlugin
DEBUG:PIL.Image:Importing IptcImagePlugin
DEBUG:PIL.Image:Importing JpegImagePlugin
DEBUG:PIL.Image:Importing Jpeg2KImagePlugin
DEBUG:PIL.Image:Importing McIdasImagePlugin
DEBUG:PIL.Image:Importing MicImagePlugin
DEBUG:PIL.Image:Image: failed to import MicImagePlugin: No module named 'olefile'
DEBUG:PIL.Image:Importing MpegImagePlugin
DEBUG:PIL.Image:Importing MpoImagePlugin
DEBUG:PIL.Image:Importing MspImagePlugin
DEBUG:PIL.Image:Importing PalmImagePlugin
DEBUG:PIL.Image:Importing PcdImagePlugin
DEBUG:PIL.Image:Importing PcxImagePlugin
DEBUG:PIL.Image:Importing PdfImagePlugin
DEBUG:PIL.Image:Importing PixarImagePlugin
DEBUG:PIL.Image:Importing PngImagePlugin
DEBUG:PIL.Image:Importing PpmImagePlugin
DEBUG:PIL.Image:Importing PsdImagePlugin
DEBUG:PIL.Image:Importing SgiImagePlugin
DEBUG:PIL.Image:Importing SpiderImagePlugin
DEBUG:PIL.Image:Importing SunImagePlugin
DEBUG:PIL.Image:Importing TgaImagePlugin
DEBUG:PIL.Image:Importing TiffImagePlugin
DEBUG:PIL.Image:Importing WebPImagePlugin
DEBUG:PIL.Image:Importing WmfImagePlugin
DEBUG:PIL.Image:Importing XbmImagePlugin
DEBUG:PIL.Image:Importing XpmImagePlugin
DEBUG:PIL.Image:Importing XVThumbImagePlugin
ERROR:root:unknown file extension: 
INFO:root:Compressing computer_kuan_201632_18.jpg to computer_kuan_201632_18_compressed.jpg
INFO:root:Quality: 80, SizeP:416.3330078125KB
INFO:root:Quality: 70, SizeP:325.2236328125KB
INFO:root:Quality: 60, SizeP:271.1083984375KB
INFO:root:Quality: 50, SizeP:235.37890625KB
INFO:root:Quality: 40, SizeP:202.6337890625KB
INFO:root:Quality: 30, SizeP:168.421875KB
INFO:root:Quality: 20, SizeP:127.634765625KB
INFO:root:Quality: 10, SizeP:77.2705078125KB
INFO:root:Compressing computer_kuan_201632_18.jpg to computer_kuan_201632_18_compressed.jpg
INFO:root:Quality: 80, SizeP:416.3330078125KB
INFO:root:Quality: 70, SizeP:325.2236328125KB
INFO:root:Quality: 60, SizeP:271.1083984375KB
INFO:root:Quality: 50, SizeP:235.37890625KB
INFO:root:Quality: 40, SizeP:202.6337890625KB
INFO:root:Quality: 30, SizeP:168.421875KB
INFO:root:Quality: 20, SizeP:127.634765625KB
INFO:root:Quality: 10, SizeP:77.2705078125KB
INFO:root:Compressing computer_kuan_201632_18.jpg to computer_kuan_201632_18_compressed.jpg
INFO:root:Quality: 80, SizeP:416.3330078125KB
INFO:root:Quality: 70, SizeP:325.2236328125KB
INFO:root:Quality: 60, SizeP:271.1083984375KB
INFO:root:Quality: 50, SizeP:235.37890625KB
INFO:root:Quality: 40, SizeP:202.6337890625KB
INFO:root:Quality: 30, SizeP:168.421875KB
INFO:root:Quality: 20, SizeP:127.634765625KB
INFO:root:Quality: 10, SizeP:77.2705078125KB
INFO:root:Compressing computer_kuan_201632_18.jpg to computer_kuan_201632_18_compressed.jpg
INFO:root:Quality: 80, SizeP:416.3330078125KB
INFO:root:Quality: 70, SizeP:325.2236328125KB
INFO:root:Quality: 60, SizeP:271.1083984375KB
INFO:root:Quality: 50, SizeP:235.37890625KB
INFO:root:Quality: 40, SizeP:202.6337890625KB
INFO:root:Quality: 30, SizeP:168.421875KB
INFO:root:Quality: 20, SizeP:127.634765625KB
INFO:root:Quality: 10, SizeP:77.2705078125KB
INFO:root:Compressing computer_kuan_201632_18.jpg to computer_kuan_201632_18_compressed.jpg
INFO:root:Quality: 80, SizeP:416.3330078125KB
INFO:root:Compressing computer_kuan_201632_18.jpg to computer_kuan_201632_18_compressed.jpg
INFO:root:Quality: 80, Size:416.3330078125KB
INFO:root:Compressing computer_kuan_201632_18.jpg to computer_kuan_201632_18_compressed.jpg
INFO:root:Quality: 80, Size:416.3330078125KB
INFO:root:Compressing computer_kuan_201632_18.jpg to computer_kuan_201632_18_compressed.jpg
INFO:root:Quality: 100, Size:1808.970703125KB
INFO:root:Quality: 90, Size:643.6943359375KB
INFO:root:Compressing computer_kuan_201632_18.jpg to computer_kuan_201632_18_compressed.jpg
INFO:root:Quality: 50, Size:235.37890625KB
